════════════════════════════════════════════════════════
  notorch — JANUS 15M base training
  DIM=320 L=8 H=5 HD=64 FFN=1024 CTX=128 V=4096 RRPRAM_R=64
  Triple attn (MHA + RRPRAM-LR + Janus Echo), 1/3 blend, single W
  Chuck, 15000 steps, lr=6.0e-04 cosine, warmup 1500
════════════════════════════════════════════════════════
train: 8744739 tokens, val: 460249 tokens
model: 16291136 params (62.15 MB fp32)
karpathy: 0.220 epochs over 15000 steps (anti-chinchilla)

training...
─────────────────────────────────────────────────────────
  step     1/15000 | train 8.3453 | best 8.3453 | lr 6.00e-05 | 3.3s (eta 827m)
  step    50/15000 | train 7.5070 | best 7.0666 | lr 7.76e-05 | 129.6s (eta 646m)
  step   100/15000 | train 7.2755 | best 6.5958 | lr 9.56e-05 | 253.5s (eta 630m)
  step   150/15000 | train 6.7253 | best 6.4143 | lr 1.14e-04 | 379.1s (eta 625m)
  step   200/15000 | train 7.0310 | best 6.4143 | lr 1.32e-04 | 503.7s (eta 621m)
  step   250/15000 | train 6.8272 | best 6.1931 | lr 1.50e-04 | 619.2s (eta 609m)
  step   300/15000 | train 6.7299 | best 6.1931 | lr 1.68e-04 | 731.3s (eta 597m)
  step   350/15000 | train 6.5813 | best 6.1931 | lr 1.86e-04 | 843.6s (eta 589m)
  step   400/15000 | train 6.4416 | best 6.0350 | lr 2.04e-04 | 956.5s (eta 582m)
  step   450/15000 | train 7.1901 | best 6.0013 | lr 2.22e-04 | 1069.0s (eta 576m)
  step   500/15000 | train 6.5707 | best 5.9261 | lr 2.40e-04 | 1180.8s (eta 571m)
  ──── eval step 500 | val 6.4380
  step   550/15000 | train 6.6730 | best 5.8909 | lr 2.58e-04 | 1314.6s (eta 576m)
  step   600/15000 | train 6.2923 | best 5.7368 | lr 2.76e-04 | 1426.9s (eta 571m)
  step   650/15000 | train 6.4080 | best 5.7368 | lr 2.94e-04 | 1539.7s (eta 567m)
  step   700/15000 | train 6.6411 | best 5.7368 | lr 3.12e-04 | 1651.8s (eta 562m)
  step   750/15000 | train 6.4735 | best 5.7368 | lr 3.30e-04 | 1765.4s (eta 559m)
  step   800/15000 | train 6.8372 | best 5.7368 | lr 3.48e-04 | 1877.7s (eta 555m)
  step   850/15000 | train 6.5407 | best 5.5601 | lr 3.66e-04 | 1990.2s (eta 552m)
  step   900/15000 | train 6.4171 | best 5.5601 | lr 3.84e-04 | 2102.7s (eta 549m)
  step   950/15000 | train 6.2023 | best 5.5601 | lr 4.02e-04 | 2216.1s (eta 546m)
  step  1000/15000 | train 6.2621 | best 5.5601 | lr 4.20e-04 | 2328.9s (eta 543m)
  ──── eval step 1000 | val 6.1973
  step  1050/15000 | train 6.4600 | best 5.5601 | lr 4.38e-04 | 2456.7s (eta 544m)
  step  1100/15000 | train 6.2129 | best 5.5601 | lr 4.56e-04 | 2569.2s (eta 541m)
  step  1150/15000 | train 6.0385 | best 5.4709 | lr 4.74e-04 | 2681.5s (eta 538m)
  step  1200/15000 | train 6.5252 | best 5.3952 | lr 4.92e-04 | 2794.5s (eta 536m)
  step  1250/15000 | train 5.9906 | best 5.3952 | lr 5.10e-04 | 2906.6s (eta 533m)
  step  1300/15000 | train 6.3271 | best 5.3952 | lr 5.28e-04 | 3019.7s (eta 530m)
  step  1350/15000 | train 6.2035 | best 5.3952 | lr 5.46e-04 | 3131.7s (eta 528m)
  step  1400/15000 | train 5.7934 | best 5.3952 | lr 5.64e-04 | 3244.9s (eta 525m)
  step  1450/15000 | train 6.0475 | best 5.3952 | lr 5.82e-04 | 3356.9s (eta 523m)
  step  1500/15000 | train 6.1818 | best 5.3952 | lr 6.00e-04 | 3470.3s (eta 521m)
  ──── eval step 1500 | val 6.0338
  step  1550/15000 | train 6.2088 | best 5.3952 | lr 6.00e-04 | 3599.6s (eta 521m)
  step  1600/15000 | train 6.2773 | best 4.8836 | lr 6.00e-04 | 3712.9s (eta 518m)
  step  1650/15000 | train 5.7322 | best 4.8836 | lr 6.00e-04 | 3825.5s (eta 516m)
  step  1700/15000 | train 5.9426 | best 4.8836 | lr 6.00e-04 | 3938.4s (eta 514m)
  step  1750/15000 | train 6.1714 | best 4.8836 | lr 6.00e-04 | 4050.4s (eta 511m)
  step  1800/15000 | train 6.3192 | best 4.8836 | lr 5.99e-04 | 4163.3s (eta 509m)
  step  1850/15000 | train 6.1046 | best 4.8836 | lr 5.99e-04 | 4275.5s (eta 507m)
  step  1900/15000 | train 6.1567 | best 4.8836 | lr 5.99e-04 | 4388.2s (eta 504m)
  step  1950/15000 | train 5.9614 | best 4.8836 | lr 5.99e-04 | 4500.4s (eta 502m)
  step  2000/15000 | train 5.9599 | best 4.8836 | lr 5.98e-04 | 4614.1s (eta 500m)
  ──── eval step 2000 | val 5.8165
  step  2050/15000 | train 5.5374 | best 4.7989 | lr 5.98e-04 | 4739.9s (eta 499m)
  step  2100/15000 | train 5.2687 | best 4.7989 | lr 5.97e-04 | 4851.3s (eta 497m)
  step  2150/15000 | train 5.9922 | best 4.7989 | lr 5.97e-04 | 4977.2s (eta 496m)
  step  2200/15000 | train 5.6622 | best 4.7989 | lr 5.96e-04 | 5088.0s (eta 493m)
  step  2250/15000 | train 5.8567 | best 4.7989 | lr 5.96e-04 | 5197.9s (eta 491m)
  step  2300/15000 | train 5.5966 | best 4.7989 | lr 5.95e-04 | 5308.3s (eta 489m)
  step  2350/15000 | train 5.8907 | best 4.7989 | lr 5.95e-04 | 5418.5s (eta 486m)
  step  2400/15000 | train 5.7936 | best 4.7989 | lr 5.94e-04 | 5528.6s (eta 484m)
  step  2450/15000 | train 5.4357 | best 4.7989 | lr 5.93e-04 | 5639.2s (eta 481m)
  step  2500/15000 | train 5.2685 | best 4.7989 | lr 5.93e-04 | 5750.3s (eta 479m)
  ──── eval step 2500 | val 5.6604
  step  2550/15000 | train 5.5334 | best 4.7989 | lr 5.92e-04 | 5875.6s (eta 478m)
  step  2600/15000 | train 5.6151 | best 4.7989 | lr 5.91e-04 | 5985.7s (eta 476m)
  step  2650/15000 | train 5.6554 | best 4.7989 | lr 5.90e-04 | 6095.5s (eta 473m)
  step  2700/15000 | train 5.5928 | best 4.7989 | lr 5.90e-04 | 6205.4s (eta 471m)
  step  2750/15000 | train 5.5645 | best 4.7989 | lr 5.89e-04 | 6315.7s (eta 469m)
  step  2800/15000 | train 5.4378 | best 4.7989 | lr 5.88e-04 | 6425.6s (eta 467m)
  step  2850/15000 | train 5.5804 | best 4.7989 | lr 5.87e-04 | 6535.6s (eta 464m)
  step  2900/15000 | train 5.4640 | best 4.7989 | lr 5.86e-04 | 6645.4s (eta 462m)
  step  2950/15000 | train 5.7691 | best 4.7989 | lr 5.85e-04 | 6755.7s (eta 460m)
  step  3000/15000 | train 5.6176 | best 4.7989 | lr 5.84e-04 | 6866.2s (eta 458m)
  ──── eval step 3000 | val 5.5395
  step  3050/15000 | train 5.7226 | best 4.3207 | lr 5.83e-04 | 6991.8s (eta 457m)
  step  3100/15000 | train 5.5551 | best 4.3207 | lr 5.82e-04 | 7097.6s (eta 454m)
  step  3150/15000 | train 6.0170 | best 4.3207 | lr 5.80e-04 | 7197.9s (eta 451m)
  step  3200/15000 | train 5.2311 | best 4.3207 | lr 5.79e-04 | 7298.8s (eta 449m)
  step  3250/15000 | train 5.8507 | best 4.3207 | lr 5.78e-04 | 7399.6s (eta 446m)
  step  3300/15000 | train 5.9264 | best 4.3207 | lr 5.77e-04 | 7501.3s (eta 443m)
  step  3350/15000 | train 5.8085 | best 4.3207 | lr 5.75e-04 | 7602.8s (eta 441m)
  step  3400/15000 | train 5.6697 | best 4.3207 | lr 5.74e-04 | 7704.4s (eta 438m)
  step  3450/15000 | train 5.5699 | best 4.3207 | lr 5.73e-04 | 7806.1s (eta 436m)
  step  3500/15000 | train 5.4456 | best 4.3207 | lr 5.71e-04 | 7907.9s (eta 433m)
  ──── eval step 3500 | val 5.4880
  step  3550/15000 | train 5.1333 | best 4.3207 | lr 5.70e-04 | 8023.8s (eta 431m)
  step  3600/15000 | train 5.3938 | best 4.3207 | lr 5.68e-04 | 8125.9s (eta 429m)
  step  3650/15000 | train 5.6269 | best 4.3207 | lr 5.67e-04 | 8228.1s (eta 426m)
  step  3700/15000 | train 5.3158 | best 4.3207 | lr 5.65e-04 | 8330.5s (eta 424m)
  step  3750/15000 | train 5.9918 | best 4.3207 | lr 5.64e-04 | 8432.9s (eta 422m)
  step  3800/15000 | train 5.6195 | best 4.3207 | lr 5.62e-04 | 8540.6s (eta 420m)
  step  3850/15000 | train 5.3408 | best 4.3207 | lr 5.61e-04 | 8643.0s (eta 417m)
  step  3900/15000 | train 5.6972 | best 4.3207 | lr 5.59e-04 | 8745.5s (eta 415m)
  step  3950/15000 | train 5.8456 | best 4.3207 | lr 5.57e-04 | 8848.0s (eta 413m)
  step  4000/15000 | train 5.6774 | best 4.3207 | lr 5.56e-04 | 8950.5s (eta 410m)
  ──── eval step 4000 | val 5.4575
  step  4050/15000 | train 5.2809 | best 4.3207 | lr 5.54e-04 | 9066.6s (eta 409m)
  step  4100/15000 | train 5.1752 | best 4.3207 | lr 5.52e-04 | 9168.4s (eta 406m)
  step  4150/15000 | train 5.3336 | best 4.3207 | lr 5.50e-04 | 9269.9s (eta 404m)
  step  4200/15000 | train 5.2740 | best 4.3207 | lr 5.48e-04 | 9371.0s (eta 402m)
  step  4250/15000 | train 6.1964 | best 4.3207 | lr 5.47e-04 | 9472.4s (eta 399m)
  step  4300/15000 | train 5.6127 | best 4.3207 | lr 5.45e-04 | 9574.2s (eta 397m)
  step  4350/15000 | train 5.8126 | best 3.9225 | lr 5.43e-04 | 9675.7s (eta 395m)
  step  4400/15000 | train 4.8969 | best 3.9225 | lr 5.41e-04 | 9777.1s (eta 393m)
  step  4450/15000 | train 5.0816 | best 3.9225 | lr 5.39e-04 | 9878.5s (eta 390m)
  step  4500/15000 | train 5.3841 | best 3.9225 | lr 5.37e-04 | 9979.8s (eta 388m)
  ──── eval step 4500 | val 5.4196
  step  4550/15000 | train 5.2423 | best 3.9225 | lr 5.35e-04 | 10094.6s (eta 386m)
  step  4600/15000 | train 5.0897 | best 3.9225 | lr 5.33e-04 | 10196.0s (eta 384m)
  step  4650/15000 | train 5.4207 | best 3.9225 | lr 5.31e-04 | 10297.3s (eta 382m)
  step  4700/15000 | train 4.8857 | best 3.9225 | lr 5.29e-04 | 10398.7s (eta 380m)
  step  4750/15000 | train 5.5372 | best 3.9225 | lr 5.26e-04 | 10500.2s (eta 378m)
  step  4800/15000 | train 5.0870 | best 3.9225 | lr 5.24e-04 | 10601.6s (eta 375m)
  step  4850/15000 | train 5.3588 | best 3.9225 | lr 5.22e-04 | 10702.9s (eta 373m)
  step  4900/15000 | train 5.5772 | best 3.9225 | lr 5.20e-04 | 10804.3s (eta 371m)
  step  4950/15000 | train 5.6015 | best 3.9225 | lr 5.18e-04 | 10905.8s (eta 369m)
  step  5000/15000 | train 5.4160 | best 3.9225 | lr 5.15e-04 | 11007.4s (eta 367m)
  ──── eval step 5000 | val 5.3305
  step  5050/15000 | train 5.7426 | best 3.9225 | lr 5.13e-04 | 11122.8s (eta 365m)
  step  5100/15000 | train 5.4398 | best 3.9225 | lr 5.11e-04 | 11224.6s (eta 363m)
  step  5150/15000 | train 5.9712 | best 3.9225 | lr 5.08e-04 | 11326.5s (eta 361m)
  step  5200/15000 | train 5.8706 | best 3.9225 | lr 5.06e-04 | 11428.2s (eta 359m)
  step  5250/15000 | train 5.3293 | best 3.9225 | lr 5.04e-04 | 11529.6s (eta 357m)
  step  5300/15000 | train 5.0369 | best 3.9225 | lr 5.01e-04 | 11631.0s (eta 355m)
  step  5350/15000 | train 5.2166 | best 3.9225 | lr 4.99e-04 | 11732.1s (eta 353m)
  step  5400/15000 | train 5.6256 | best 3.9225 | lr 4.96e-04 | 11833.2s (eta 351m)
  step  5450/15000 | train 5.1576 | best 3.9225 | lr 4.94e-04 | 11934.4s (eta 349m)
  step  5500/15000 | train 5.5059 | best 3.9225 | lr 4.91e-04 | 12035.4s (eta 346m)
  ──── eval step 5500 | val 5.3442
  step  5550/15000 | train 5.9872 | best 3.9225 | lr 4.89e-04 | 12150.8s (eta 345m)
  step  5600/15000 | train 5.3415 | best 3.9225 | lr 4.86e-04 | 12251.0s (eta 343m)
  step  5650/15000 | train 5.2415 | best 3.9225 | lr 4.84e-04 | 12351.2s (eta 341m)
  step  5700/15000 | train 5.1010 | best 3.9225 | lr 4.81e-04 | 12451.7s (eta 339m)
  step  5750/15000 | train 5.7134 | best 3.9225 | lr 4.78e-04 | 12552.0s (eta 337m)
  step  5800/15000 | train 5.2210 | best 3.9225 | lr 4.76e-04 | 12653.0s (eta 335m)
  step  5850/15000 | train 5.1216 | best 3.9225 | lr 4.73e-04 | 12757.0s (eta 333m)
  step  5900/15000 | train 5.4436 | best 3.9225 | lr 4.70e-04 | 12861.6s (eta 331m)
  step  5950/15000 | train 6.1272 | best 3.9225 | lr 4.68e-04 | 12965.7s (eta 329m)
  step  6000/15000 | train 5.4464 | best 3.9225 | lr 4.65e-04 | 13069.7s (eta 327m)
  ──── eval step 6000 | val 5.3303
  step  6050/15000 | train 5.2019 | best 3.9225 | lr 4.62e-04 | 13185.0s (eta 325m)
  step  6100/15000 | train 5.2941 | best 3.9225 | lr 4.60e-04 | 13285.8s (eta 323m)
  step  6150/15000 | train 5.4950 | best 3.9225 | lr 4.57e-04 | 13386.4s (eta 321m)
  step  6200/15000 | train 5.1676 | best 3.9225 | lr 4.54e-04 | 13487.2s (eta 319m)
  step  6250/15000 | train 5.1227 | best 3.9225 | lr 4.51e-04 | 13587.8s (eta 317m)
  step  6300/15000 | train 5.4696 | best 3.9225 | lr 4.48e-04 | 13688.4s (eta 315m)
  step  6350/15000 | train 5.1810 | best 3.9225 | lr 4.46e-04 | 13789.2s (eta 313m)
  step  6400/15000 | train 5.3861 | best 3.9225 | lr 4.43e-04 | 13890.0s (eta 311m)
  step  6450/15000 | train 5.4971 | best 3.9225 | lr 4.40e-04 | 13990.8s (eta 309m)
  step  6500/15000 | train 5.2583 | best 3.9225 | lr 4.37e-04 | 14091.5s (eta 307m)
  ──── eval step 6500 | val 5.3110
  step  6550/15000 | train 5.1008 | best 3.9225 | lr 4.34e-04 | 14206.7s (eta 305m)
  step  6600/15000 | train 5.1363 | best 3.9225 | lr 4.31e-04 | 14307.9s (eta 304m)
  step  6650/15000 | train 5.4254 | best 3.9225 | lr 4.28e-04 | 14408.6s (eta 302m)
  step  6700/15000 | train 5.2510 | best 3.8168 | lr 4.25e-04 | 14508.6s (eta 300m)
  step  6750/15000 | train 5.6586 | best 3.8168 | lr 4.22e-04 | 14608.8s (eta 298m)
  step  6800/15000 | train 5.2902 | best 3.8168 | lr 4.19e-04 | 14709.2s (eta 296m)
  step  6850/15000 | train 4.9181 | best 3.8168 | lr 4.16e-04 | 14809.2s (eta 294m)
  step  6900/15000 | train 5.1920 | best 3.3924 | lr 4.13e-04 | 14909.2s (eta 292m)
  step  6950/15000 | train 5.5238 | best 3.3924 | lr 4.11e-04 | 15009.1s (eta 290m)
  step  7000/15000 | train 5.3467 | best 3.3924 | lr 4.07e-04 | 15109.0s (eta 288m)
  ──── eval step 7000 | val 5.2470
  step  7050/15000 | train 4.8610 | best 3.3924 | lr 4.04e-04 | 15223.6s (eta 286m)
  step  7100/15000 | train 4.9731 | best 3.3924 | lr 4.01e-04 | 15324.5s (eta 284m)
  step  7150/15000 | train 5.2489 | best 3.3924 | lr 3.98e-04 | 15425.4s (eta 282m)
  step  7200/15000 | train 5.4814 | best 3.3924 | lr 3.95e-04 | 15526.4s (eta 280m)
  step  7250/15000 | train 5.6609 | best 3.3924 | lr 3.92e-04 | 15627.3s (eta 278m)
  step  7300/15000 | train 5.3167 | best 3.3924 | lr 3.89e-04 | 15728.1s (eta 276m)
  step  7350/15000 | train 4.9312 | best 3.3924 | lr 3.86e-04 | 15833.9s (eta 275m)
  step  7400/15000 | train 5.5335 | best 3.3924 | lr 3.83e-04 | 15934.9s (eta 273m)
  step  7450/15000 | train 5.6627 | best 3.3924 | lr 3.80e-04 | 16035.9s (eta 271m)
  step  7500/15000 | train 4.9604 | best 3.3924 | lr 3.77e-04 | 16137.0s (eta 269m)
  ──── eval step 7500 | val 5.2098
  step  7550/15000 | train 5.2498 | best 3.3924 | lr 3.74e-04 | 16252.7s (eta 267m)
  step  7600/15000 | train 5.4137 | best 3.3924 | lr 3.71e-04 | 16354.1s (eta 265m)
  step  7650/15000 | train 5.0925 | best 3.3924 | lr 3.68e-04 | 16455.3s (eta 263m)
  step  7700/15000 | train 4.9369 | best 3.3924 | lr 3.65e-04 | 16556.5s (eta 262m)
  step  7750/15000 | train 5.2003 | best 3.3924 | lr 3.61e-04 | 16658.2s (eta 260m)
  step  7800/15000 | train 5.4980 | best 3.3924 | lr 3.58e-04 | 16759.5s (eta 258m)
  step  7850/15000 | train 5.5176 | best 3.3924 | lr 3.55e-04 | 16860.7s (eta 256m)
  step  7900/15000 | train 5.3518 | best 3.3924 | lr 3.52e-04 | 16961.8s (eta 254m)
  step  7950/15000 | train 5.9447 | best 3.3924 | lr 3.49e-04 | 17063.0s (eta 252m)
  step  8000/15000 | train 5.3948 | best 3.3924 | lr 3.46e-04 | 17164.2s (eta 250m)
  ──── eval step 8000 | val 5.2121
  step  8050/15000 | train 5.1587 | best 3.3924 | lr 3.43e-04 | 17279.4s (eta 249m)
  step  8100/15000 | train 5.1414 | best 3.3924 | lr 3.39e-04 | 17380.9s (eta 247m)
  step  8150/15000 | train 5.4317 | best 3.3924 | lr 3.36e-04 | 17482.4s (eta 245m)
  step  8200/15000 | train 5.1344 | best 3.3924 | lr 3.33e-04 | 17583.9s (eta 243m)
  step  8250/15000 | train 5.0632 | best 3.3924 | lr 3.30e-04 | 17685.3s (eta 241m)
  step  8300/15000 | train 5.7149 | best 3.3924 | lr 3.27e-04 | 17786.5s (eta 239m)
  step  8350/15000 | train 5.0597 | best 3.3924 | lr 3.24e-04 | 17887.8s (eta 237m)
  step  8400/15000 | train 5.3035 | best 3.3924 | lr 3.21e-04 | 17989.0s (eta 236m)
  step  8450/15000 | train 5.3325 | best 3.3924 | lr 3.18e-04 | 18089.8s (eta 234m)
  step  8500/15000 | train 5.0054 | best 3.3924 | lr 3.14e-04 | 18190.5s (eta 232m)
  ──── eval step 8500 | val 5.1897
  step  8550/15000 | train 5.2149 | best 3.3924 | lr 3.11e-04 | 18306.2s (eta 230m)
  step  8600/15000 | train 5.0597 | best 3.3924 | lr 3.08e-04 | 18407.7s (eta 228m)
  step  8650/15000 | train 4.9719 | best 3.3924 | lr 3.05e-04 | 18510.4s (eta 226m)
  step  8700/15000 | train 4.7589 | best 3.3924 | lr 3.02e-04 | 18612.5s (eta 225m)
  step  8750/15000 | train 5.7848 | best 3.3924 | lr 2.99e-04 | 18714.5s (eta 223m)
  step  8800/15000 | train 5.1082 | best 3.3924 | lr 2.96e-04 | 18816.5s (eta 221m)
  step  8850/15000 | train 6.3790 | best 3.3924 | lr 2.92e-04 | 18918.2s (eta 219m)
  step  8900/15000 | train 4.7883 | best 3.3924 | lr 2.89e-04 | 19020.1s (eta 217m)
  step  8950/15000 | train 5.1581 | best 3.3924 | lr 2.86e-04 | 19122.0s (eta 215m)
  step  9000/15000 | train 4.9458 | best 3.3924 | lr 2.83e-04 | 19223.7s (eta 214m)
  ──── eval step 9000 | val 5.1755
  step  9050/15000 | train 4.7895 | best 3.3924 | lr 2.80e-04 | 19339.7s (eta 212m)
  step  9100/15000 | train 5.0974 | best 3.3924 | lr 2.77e-04 | 19443.2s (eta 210m)
  step  9150/15000 | train 4.9758 | best 3.3924 | lr 2.74e-04 | 19545.0s (eta 208m)
  step  9200/15000 | train 5.5573 | best 3.3924 | lr 2.71e-04 | 19647.8s (eta 206m)
  step  9250/15000 | train 5.0339 | best 3.3924 | lr 2.68e-04 | 19749.6s (eta 205m)
  step  9300/15000 | train 5.1213 | best 3.3924 | lr 2.65e-04 | 19851.2s (eta 203m)
  step  9350/15000 | train 4.9758 | best 3.3924 | lr 2.62e-04 | 19953.0s (eta 201m)
  step  9400/15000 | train 5.2083 | best 3.3924 | lr 2.59e-04 | 20054.9s (eta 199m)
  step  9450/15000 | train 5.2128 | best 3.3924 | lr 2.56e-04 | 20156.8s (eta 197m)
  step  9500/15000 | train 5.0923 | best 3.3924 | lr 2.53e-04 | 20258.7s (eta 195m)
  ──── eval step 9500 | val 5.1444
  step  9550/15000 | train 5.7197 | best 3.3924 | lr 2.50e-04 | 20376.7s (eta 194m)
  step  9600/15000 | train 5.6210 | best 3.3924 | lr 2.47e-04 | 20480.0s (eta 192m)
  step  9650/15000 | train 5.2084 | best 3.3924 | lr 2.44e-04 | 20588.5s (eta 190m)
  step  9700/15000 | train 4.9775 | best 3.3924 | lr 2.41e-04 | 20695.8s (eta 188m)
  step  9750/15000 | train 5.1851 | best 3.3924 | lr 2.38e-04 | 20804.8s (eta 187m)
  step  9800/15000 | train 5.3641 | best 3.3924 | lr 2.35e-04 | 20931.9s (eta 185m)
  step  9850/15000 | train 5.0548 | best 3.3924 | lr 2.32e-04 | 21046.5s (eta 183m)
  step  9900/15000 | train 4.6964 | best 3.3924 | lr 2.29e-04 | 21163.6s (eta 182m)
  step  9950/15000 | train 5.3959 | best 3.3924 | lr 2.26e-04 | 21310.7s (eta 180m)
  step 10000/15000 | train 5.1379 | best 3.3924 | lr 2.23e-04 | 21460.3s (eta 179m)
  ──── eval step 10000 | val 5.1259
  step 10050/15000 | train 5.2167 | best 3.3924 | lr 2.20e-04 | 21601.4s (eta 177m)
  step 10100/15000 | train 5.2583 | best 3.3924 | lr 2.17e-04 | 21718.9s (eta 176m)
  step 10150/15000 | train 5.1614 | best 3.3924 | lr 2.15e-04 | 21869.4s (eta 174m)
  step 10200/15000 | train 4.3207 | best 3.3924 | lr 2.12e-04 | 22057.3s (eta 173m)
  step 10250/15000 | train 4.7888 | best 3.3924 | lr 2.09e-04 | 22213.3s (eta 172m)
  step 10300/15000 | train 5.3495 | best 3.3924 | lr 2.06e-04 | 22330.9s (eta 170m)
  step 10350/15000 | train 4.8800 | best 3.3924 | lr 2.03e-04 | 22513.2s (eta 169m)
  step 10400/15000 | train 4.8977 | best 3.3924 | lr 2.01e-04 | 22669.9s (eta 167m)
  step 10450/15000 | train 4.7479 | best 3.3924 | lr 1.98e-04 | 22790.2s (eta 165m)
  step 10500/15000 | train 4.7079 | best 3.3924 | lr 1.95e-04 | 22913.9s (eta 164m)
  ──── eval step 10500 | val 5.1033
  step 10550/15000 | train 4.8019 | best 3.3924 | lr 1.92e-04 | 23048.8s (eta 162m)
  step 10600/15000 | train 5.0565 | best 2.9355 | lr 1.90e-04 | 23161.4s (eta 160m)
  step 10650/15000 | train 4.9703 | best 2.9355 | lr 1.87e-04 | 23273.9s (eta 158m)
  step 10700/15000 | train 5.0308 | best 2.9355 | lr 1.84e-04 | 23386.3s (eta 157m)
  step 10750/15000 | train 4.5783 | best 2.9355 | lr 1.82e-04 | 23498.9s (eta 155m)
  step 10800/15000 | train 4.9746 | best 2.9355 | lr 1.79e-04 | 23610.9s (eta 153m)
  step 10850/15000 | train 5.0846 | best 2.9355 | lr 1.76e-04 | 23723.8s (eta 151m)
  step 10900/15000 | train 5.2406 | best 2.9355 | lr 1.74e-04 | 23836.3s (eta 149m)
  step 10950/15000 | train 5.2449 | best 2.9355 | lr 1.71e-04 | 23948.2s (eta 148m)
  step 11000/15000 | train 5.1442 | best 2.9355 | lr 1.69e-04 | 24060.7s (eta 146m)
  ──── eval step 11000 | val 5.1022
  step 11050/15000 | train 4.8291 | best 2.9355 | lr 1.66e-04 | 24188.5s (eta 144m)
  step 11100/15000 | train 5.1025 | best 2.9355 | lr 1.64e-04 | 24297.7s (eta 142m)
  step 11150/15000 | train 5.3669 | best 2.9355 | lr 1.61e-04 | 24407.1s (eta 140m)
  step 11200/15000 | train 5.0205 | best 2.9355 | lr 1.59e-04 | 24515.8s (eta 139m)
  step 11250/15000 | train 5.5300 | best 2.9355 | lr 1.56e-04 | 24624.8s (eta 137m)
  step 11300/15000 | train 4.5978 | best 2.9355 | lr 1.54e-04 | 24733.5s (eta 135m)
  step 11350/15000 | train 5.3407 | best 2.9355 | lr 1.52e-04 | 24843.3s (eta 133m)
  step 11400/15000 | train 4.9289 | best 2.9355 | lr 1.49e-04 | 24951.7s (eta 131m)
  step 11450/15000 | train 5.0681 | best 2.9355 | lr 1.47e-04 | 25060.3s (eta 129m)
  step 11500/15000 | train 4.8837 | best 2.9355 | lr 1.45e-04 | 25169.0s (eta 128m)
  ──── eval step 11500 | val 5.0743
  step 11550/15000 | train 5.0507 | best 2.9355 | lr 1.42e-04 | 25294.0s (eta 126m)
  step 11600/15000 | train 5.1420 | best 2.9355 | lr 1.40e-04 | 25403.2s (eta 124m)
  step 11650/15000 | train 4.6291 | best 2.9355 | lr 1.38e-04 | 25512.0s (eta 122m)
  step 11700/15000 | train 4.8589 | best 2.9355 | lr 1.36e-04 | 25620.9s (eta 120m)
  step 11750/15000 | train 4.8943 | best 2.9355 | lr 1.34e-04 | 25729.9s (eta 119m)
  step 11800/15000 | train 5.0048 | best 2.9355 | lr 1.32e-04 | 25838.9s (eta 117m)
  step 11850/15000 | train 5.2592 | best 2.9355 | lr 1.29e-04 | 25947.4s (eta 115m)
  step 11900/15000 | train 5.2978 | best 2.9355 | lr 1.27e-04 | 26056.0s (eta 113m)
  step 11950/15000 | train 5.1322 | best 2.9355 | lr 1.25e-04 | 26164.7s (eta 111m)
  step 12000/15000 | train 4.4314 | best 2.9355 | lr 1.23e-04 | 26273.4s (eta 109m)
  ──── eval step 12000 | val 5.0750
  step 12050/15000 | train 5.4958 | best 2.9355 | lr 1.21e-04 | 26397.1s (eta 108m)
  step 12100/15000 | train 4.9750 | best 2.9355 | lr 1.19e-04 | 26505.9s (eta 106m)
  step 12150/15000 | train 5.2876 | best 2.9355 | lr 1.17e-04 | 26614.5s (eta 104m)
  step 12200/15000 | train 5.2156 | best 2.9355 | lr 1.15e-04 | 26723.0s (eta 102m)
  step 12250/15000 | train 5.1662 | best 2.9355 | lr 1.13e-04 | 26831.5s (eta 100m)
  step 12300/15000 | train 5.2457 | best 2.9355 | lr 1.12e-04 | 26940.2s (eta 99m)
  step 12350/15000 | train 4.8971 | best 2.9355 | lr 1.10e-04 | 27048.5s (eta 97m)
  step 12400/15000 | train 5.0507 | best 2.9355 | lr 1.08e-04 | 27157.9s (eta 95m)
  step 12450/15000 | train 4.7937 | best 2.9355 | lr 1.06e-04 | 27266.4s (eta 93m)
  step 12500/15000 | train 4.8145 | best 2.9355 | lr 1.04e-04 | 27375.3s (eta 91m)
  ──── eval step 12500 | val 5.0629
  step 12550/15000 | train 5.1320 | best 2.9355 | lr 1.03e-04 | 27499.1s (eta 89m)
  step 12600/15000 | train 5.4170 | best 2.9355 | lr 1.01e-04 | 27607.6s (eta 88m)
  step 12650/15000 | train 5.1576 | best 2.9355 | lr 9.94e-05 | 27716.6s (eta 86m)
  step 12700/15000 | train 5.1773 | best 2.9355 | lr 9.78e-05 | 27825.4s (eta 84m)
  step 12750/15000 | train 4.9572 | best 2.9355 | lr 9.62e-05 | 27933.7s (eta 82m)
  step 12800/15000 | train 5.4524 | best 2.9355 | lr 9.46e-05 | 28042.1s (eta 80m)
  step 12850/15000 | train 5.1293 | best 2.9355 | lr 9.31e-05 | 28150.8s (eta 79m)
  step 12900/15000 | train 5.0724 | best 2.9355 | lr 9.16e-05 | 28259.8s (eta 77m)
  step 12950/15000 | train 4.7803 | best 2.9355 | lr 9.02e-05 | 28368.3s (eta 75m)
  step 13000/15000 | train 5.2374 | best 2.9355 | lr 8.87e-05 | 28477.0s (eta 73m)
  ──── eval step 13000 | val 5.0512
  step 13050/15000 | train 5.0328 | best 2.9355 | lr 8.74e-05 | 28600.5s (eta 71m)
  step 13100/15000 | train 4.9454 | best 2.9355 | lr 8.60e-05 | 28709.3s (eta 69m)
  step 13150/15000 | train 5.2783 | best 2.9355 | lr 8.47e-05 | 28818.6s (eta 68m)
  step 13200/15000 | train 4.8544 | best 2.9355 | lr 8.34e-05 | 28926.7s (eta 66m)
  step 13250/15000 | train 5.4276 | best 2.9355 | lr 8.21e-05 | 29035.8s (eta 64m)
  step 13300/15000 | train 5.1531 | best 2.9355 | lr 8.09e-05 | 29144.1s (eta 62m)
  step 13350/15000 | train 4.8431 | best 2.9355 | lr 7.97e-05 | 29252.6s (eta 60m)
  step 13400/15000 | train 5.4100 | best 2.9355 | lr 7.85e-05 | 29361.5s (eta 58m)
  step 13450/15000 | train 4.8855 | best 2.9355 | lr 7.74e-05 | 29470.5s (eta 57m)
  step 13500/15000 | train 4.9557 | best 2.9355 | lr 7.63e-05 | 29578.9s (eta 55m)
  ──── eval step 13500 | val 5.0494
  step 13550/15000 | train 5.3692 | best 2.9355 | lr 7.52e-05 | 29702.5s (eta 53m)
  step 13600/15000 | train 4.9767 | best 2.9355 | lr 7.42e-05 | 29810.9s (eta 51m)
  step 13650/15000 | train 5.0010 | best 2.9355 | lr 7.32e-05 | 29919.5s (eta 49m)
  step 13700/15000 | train 4.8603 | best 2.9355 | lr 7.23e-05 | 30028.1s (eta 47m)
  step 13750/15000 | train 4.5924 | best 2.9355 | lr 7.14e-05 | 30136.7s (eta 46m)
  step 13800/15000 | train 5.0139 | best 2.9355 | lr 7.05e-05 | 30245.5s (eta 44m)
  step 13850/15000 | train 4.8822 | best 2.9355 | lr 6.96e-05 | 30353.7s (eta 42m)
  step 13900/15000 | train 4.6058 | best 2.9355 | lr 6.88e-05 | 30462.4s (eta 40m)
  step 13950/15000 | train 5.1322 | best 2.9355 | lr 6.80e-05 | 30571.3s (eta 38m)
  step 14000/15000 | train 5.4119 | best 2.9355 | lr 6.73e-05 | 30680.1s (eta 37m)
  ──── eval step 14000 | val 5.0360
  step 14050/15000 | train 5.2202 | best 2.9355 | lr 6.66e-05 | 30804.0s (eta 35m)
  step 14100/15000 | train 5.0935 | best 2.9355 | lr 6.59e-05 | 30912.8s (eta 33m)
  step 14150/15000 | train 4.7633 | best 2.9355 | lr 6.53e-05 | 31021.0s (eta 31m)
  step 14200/15000 | train 5.0414 | best 2.9355 | lr 6.47e-05 | 31129.2s (eta 29m)
  step 14250/15000 | train 5.2308 | best 2.9355 | lr 6.41e-05 | 31237.9s (eta 27m)
  step 14300/15000 | train 4.7434 | best 2.9355 | lr 6.36e-05 | 31346.5s (eta 26m)
  step 14350/15000 | train 5.1314 | best 2.9355 | lr 6.31e-05 | 31455.2s (eta 24m)
  step 14400/15000 | train 4.7968 | best 2.9355 | lr 6.26e-05 | 31563.9s (eta 22m)
  step 14450/15000 | train 4.6285 | best 2.9355 | lr 6.22e-05 | 31672.5s (eta 20m)
  step 14500/15000 | train 5.2603 | best 2.9355 | lr 6.18e-05 | 31780.5s (eta 18m)
  ──── eval step 14500 | val 5.0257
  step 14550/15000 | train 4.7299 | best 2.9355 | lr 6.15e-05 | 31904.2s (eta 16m)
  step 14600/15000 | train 4.6573 | best 2.9355 | lr 6.12e-05 | 32012.7s (eta 15m)
  step 14650/15000 | train 5.0279 | best 2.9355 | lr 6.09e-05 | 32121.1s (eta 13m)
  step 14700/15000 | train 4.3979 | best 2.9355 | lr 6.07e-05 | 32229.6s (eta 11m)
  step 14750/15000 | train 4.8727 | best 2.9355 | lr 6.05e-05 | 32337.8s (eta 9m)
  step 14800/15000 | train 5.0765 | best 2.9355 | lr 6.03e-05 | 32446.3s (eta 7m)
  step 14850/15000 | train 4.8017 | best 2.9355 | lr 6.02e-05 | 32560.1s (eta 5m)
  step 14900/15000 | train 5.5687 | best 2.9355 | lr 6.01e-05 | 32678.6s (eta 4m)
  step 14950/15000 | train 5.0713 | best 2.9355 | lr 6.00e-05 | 32791.2s (eta 2m)
  step 15000/15000 | train 5.0072 | best 2.9355 | lr 6.00e-05 | 32915.9s (eta 0m)
  ──── eval step 15000 | val 5.0324
─────────────────────────────────────────────────────────
  train: 8.3453 → best 2.9355
  val:   5.0324
  time:  32948s (549.1 min) | 0.46 steps/s
  nans:  0

── saving ──
  janus15m_v1.bin (62.15 MB)

════════════════════════════════════════════════════════
  Janus 15M trained. 15000 steps. Pure C + notorch. BLAS matters.
════════════════════════════════════════════════════════
